[2025-05-15 13:52:27] API request started
[2025-05-15 13:52:27] Database connected successfully
[2025-05-15 13:52:27] Processed 47 records
[2025-05-15 13:52:27] Sending response with 47 towns
[2025-05-15 13:52:40] API request started
[2025-05-15 13:52:40] Database connected successfully
[2025-05-15 13:52:40] Processed 47 records
[2025-05-15 13:52:40] Sending response with 47 towns
[2025-05-15 13:52:40] API request started
[2025-05-15 13:52:40] Database connected successfully
[2025-05-15 13:52:40] Processed 47 records
[2025-05-15 13:52:40] Sending response with 47 towns
[2025-05-15 13:52:52] API request started
[2025-05-15 13:52:52] Database connected successfully
[2025-05-15 13:52:52] Processed 47 records
[2025-05-15 13:52:52] Sending response with 47 towns
[2025-05-15 13:52:52] API request started
[2025-05-15 13:52:52] Database connected successfully
[2025-05-15 13:52:52] Processed 47 records
[2025-05-15 13:52:52] Sending response with 47 towns
[2025-05-15 13:53:34] API request started
[2025-05-15 13:53:34] API request started
[2025-05-15 13:53:34] Database connected successfully
[2025-05-15 13:53:34] Processed 47 records
[2025-05-15 13:53:34] Sending response with 47 towns
[2025-05-15 13:53:34] Database connected successfully
[2025-05-15 13:53:34] Processed 47 records
[2025-05-15 13:53:34] Sending response with 47 towns
[2025-05-15 13:53:49] API request started
[2025-05-15 13:53:49] Database connected successfully
[2025-05-15 13:53:49] Processed 47 records
[2025-05-15 13:53:49] Sending response with 47 towns
[2025-05-15 14:11:00] API request started
[2025-05-15 14:11:00] Database connected successfully
[2025-05-15 14:11:00] Processed 47 records
[2025-05-15 14:11:00] Sending response with 47 towns
[2025-05-15 14:16:31] API request started
[2025-05-15 14:16:31] Database connected successfully
[2025-05-15 14:16:31] Processed 47 records
[2025-05-15 14:16:31] Sending response with 47 towns
[2025-05-15 14:19:51] API request started
[2025-05-15 14:19:51] Database connected successfully
[2025-05-15 14:19:51] Processed 47 records
[2025-05-15 14:19:51] Sending response with 47 towns
[2025-05-15 14:19:57] API request started
[2025-05-15 14:19:57] Database connected successfully
[2025-05-15 14:19:57] Processed 47 records
[2025-05-15 14:19:57] Sending response with 47 towns
[2025-05-15 14:19:59] API request started
[2025-05-15 14:19:59] Database connected successfully
[2025-05-15 14:19:59] Processed 47 records
[2025-05-15 14:19:59] Sending response with 47 towns
[2025-05-15 14:20:02] API request started
[2025-05-15 14:20:02] Database connected successfully
[2025-05-15 14:20:02] Processed 47 records
[2025-05-15 14:20:02] Sending response with 47 towns
[2025-05-15 14:20:03] API request started
[2025-05-15 14:20:03] Database connected successfully
[2025-05-15 14:20:03] Processed 47 records
[2025-05-15 14:20:03] Sending response with 47 towns
[2025-05-15 14:20:03] API request started
[2025-05-15 14:20:03] Database connected successfully
[2025-05-15 14:20:03] Processed 47 records
[2025-05-15 14:20:03] Sending response with 47 towns
[2025-05-15 14:21:28] API request started
[2025-05-15 14:21:28] Database connected successfully
[2025-05-15 14:21:28] Processed 47 records
[2025-05-15 14:21:28] Sending response with 47 towns
[2025-05-15 14:22:37] API request started
[2025-05-15 14:22:37] Database connected successfully
[2025-05-15 14:22:37] Processed 47 records
[2025-05-15 14:22:37] Sending response with 47 towns
[2025-05-15 14:22:40] API request started
[2025-05-15 14:22:40] Database connected successfully
[2025-05-15 14:22:40] Processed 47 records
[2025-05-15 14:22:40] Sending response with 47 towns
[2025-05-15 14:22:41] API request started
[2025-05-15 14:22:41] Database connected successfully
[2025-05-15 14:22:41] Processed 47 records
[2025-05-15 14:22:41] Sending response with 47 towns
[2025-05-15 14:22:42] API request started
[2025-05-15 14:22:42] Database connected successfully
[2025-05-15 14:22:42] Processed 47 records
[2025-05-15 14:22:42] Sending response with 47 towns
[2025-05-15 14:22:42] API request started
[2025-05-15 14:22:42] Database connected successfully
[2025-05-15 14:22:42] Processed 47 records
[2025-05-15 14:22:42] Sending response with 47 towns
[2025-05-15 14:22:43] API request started
[2025-05-15 14:22:43] Database connected successfully
[2025-05-15 14:22:43] Processed 47 records
[2025-05-15 14:22:43] Sending response with 47 towns
[2025-05-15 14:36:17] API request started
[2025-05-15 14:36:17] Database connected successfully
[2025-05-15 14:36:17] Processed 47 records
[2025-05-15 14:36:17] Sending response with 47 towns
[2025-05-15 14:36:19] API request started
[2025-05-15 14:36:19] Database connected successfully
[2025-05-15 14:36:19] Processed 47 records
[2025-05-15 14:36:19] Sending response with 47 towns
[2025-05-15 14:36:20] API request started
[2025-05-15 14:36:20] Database connected successfully
[2025-05-15 14:36:20] Processed 47 records
[2025-05-15 14:36:20] Sending response with 47 towns
[2025-05-15 14:36:21] API request started
[2025-05-15 14:36:21] Database connected successfully
[2025-05-15 14:36:21] Processed 47 records
[2025-05-15 14:36:21] Sending response with 47 towns
[2025-05-15 14:36:44] API request started
[2025-05-15 14:36:44] Database connected successfully
[2025-05-15 14:36:44] Processed 47 records
[2025-05-15 14:36:44] Sending response with 47 towns
[2025-05-15 14:36:45] API request started
[2025-05-15 14:36:45] Database connected successfully
[2025-05-15 14:36:45] Processed 47 records
[2025-05-15 14:36:45] Sending response with 47 towns
[2025-05-15 14:36:50] API request started
[2025-05-15 14:36:50] Database connected successfully
[2025-05-15 14:36:50] Processed 47 records
[2025-05-15 14:36:50] Sending response with 47 towns
[2025-05-15 14:36:51] API request started
[2025-05-15 14:36:51] Database connected successfully
[2025-05-15 14:36:51] Processed 47 records
[2025-05-15 14:36:51] Sending response with 47 towns
[2025-05-15 14:36:51] API request started
[2025-05-15 14:36:51] Database connected successfully
[2025-05-15 14:36:51] Processed 47 records
[2025-05-15 14:36:51] Sending response with 47 towns
[2025-05-15 14:44:13] API request started
[2025-05-15 14:44:13] Database connected successfully
[2025-05-15 14:44:13] Processed 47 records
[2025-05-15 14:44:13] Sending response with 47 towns
[2025-05-15 14:44:16] API request started
[2025-05-15 14:44:16] Database connected successfully
[2025-05-15 14:44:16] Processed 47 records
[2025-05-15 14:44:16] Sending response with 47 towns
[2025-05-15 14:44:18] API request started
[2025-05-15 14:44:18] Database connected successfully
[2025-05-15 14:44:18] Processed 47 records
[2025-05-15 14:44:18] Sending response with 47 towns
[2025-05-15 14:44:18] API request started
[2025-05-15 14:44:18] Database connected successfully
[2025-05-15 14:44:18] Processed 47 records
[2025-05-15 14:44:18] Sending response with 47 towns
[2025-05-15 14:47:41] API request started
[2025-05-15 14:47:41] Database connected successfully
[2025-05-15 14:47:41] Processed 47 records
[2025-05-15 14:47:41] Sending response with 47 towns
[2025-05-15 14:47:43] API request started
[2025-05-15 14:47:43] Database connected successfully
[2025-05-15 14:47:43] Processed 47 records
[2025-05-15 14:47:43] Sending response with 47 towns
[2025-05-15 14:47:44] API request started
[2025-05-15 14:47:44] Database connected successfully
[2025-05-15 14:47:44] Processed 47 records
[2025-05-15 14:47:44] Sending response with 47 towns
[2025-05-15 14:47:45] API request started
[2025-05-15 14:47:45] Database connected successfully
[2025-05-15 14:47:45] Processed 47 records
[2025-05-15 14:47:45] Sending response with 47 towns
[2025-05-15 14:50:13] API request started
[2025-05-15 14:50:13] Database connected successfully
[2025-05-15 14:50:13] Processed 47 records
[2025-05-15 14:50:13] Sending response with 47 towns
[2025-05-15 14:50:16] API request started
[2025-05-15 14:50:16] Database connected successfully
[2025-05-15 14:50:16] Processed 47 records
[2025-05-15 14:50:16] Sending response with 47 towns
[2025-05-15 14:50:16] API request started
[2025-05-15 14:50:16] Database connected successfully
[2025-05-15 14:50:16] Processed 47 records
[2025-05-15 14:50:16] Sending response with 47 towns
[2025-05-15 14:50:17] API request started
[2025-05-15 14:50:17] Database connected successfully
[2025-05-15 14:50:17] Processed 47 records
[2025-05-15 14:50:17] Sending response with 47 towns
[2025-05-15 14:50:31] API request started
[2025-05-15 14:50:31] Database connected successfully
[2025-05-15 14:50:31] Processed 47 records
[2025-05-15 14:50:31] Sending response with 47 towns
[2025-05-15 14:50:32] API request started
[2025-05-15 14:50:32] Database connected successfully
[2025-05-15 14:50:32] Processed 47 records
[2025-05-15 14:50:32] Sending response with 47 towns
[2025-05-15 14:51:12] API request started
[2025-05-15 14:51:12] Database connected successfully
[2025-05-15 14:51:12] Processed 47 records
[2025-05-15 14:51:12] Sending response with 47 towns
[2025-05-15 14:55:40] API request started
[2025-05-15 14:55:40] Database connected successfully
[2025-05-15 14:55:40] Processed 47 records
[2025-05-15 14:55:40] Sending response with 47 towns
[2025-05-15 15:43:26] API request started
[2025-05-15 15:43:26] Database connected successfully
[2025-05-15 15:43:26] Processed 47 records
[2025-05-15 15:43:26] Sending response with 47 towns
[2025-05-15 15:43:36] API request started
[2025-05-15 15:43:36] Database connected successfully
[2025-05-15 15:43:36] Processed 47 records
[2025-05-15 15:43:36] Sending response with 47 towns
[2025-05-15 15:43:36] API request started
[2025-05-15 15:43:36] Database connected successfully
[2025-05-15 15:43:36] Processed 47 records
[2025-05-15 15:43:36] Sending response with 47 towns
[2025-05-15 15:43:37] API request started
[2025-05-15 15:43:37] Database connected successfully
[2025-05-15 15:43:37] Processed 47 records
[2025-05-15 15:43:37] Sending response with 47 towns
[2025-05-15 15:43:38] API request started
[2025-05-15 15:43:38] Database connected successfully
[2025-05-15 15:43:38] Processed 47 records
[2025-05-15 15:43:38] Sending response with 47 towns
[2025-05-15 16:08:44] API request started
[2025-05-15 16:08:44] Database connected successfully
[2025-05-15 16:08:44] Processed 47 records
[2025-05-15 16:08:44] Sending response with 47 towns
[2025-05-15 16:09:05] API request started
[2025-05-15 16:09:05] Database connected successfully
[2025-05-15 16:09:05] Processed 47 records
[2025-05-15 16:09:05] Sending response with 47 towns
[2025-05-15 16:09:05] API request started
[2025-05-15 16:09:05] Database connected successfully
[2025-05-15 16:09:05] Processed 47 records
[2025-05-15 16:09:05] Sending response with 47 towns
[2025-05-15 16:09:05] API request started
[2025-05-15 16:09:05] Database connected successfully
[2025-05-15 16:09:05] Processed 47 records
[2025-05-15 16:09:05] Sending response with 47 towns
[2025-05-15 16:09:13] API request started
[2025-05-15 16:09:13] Database connected successfully
[2025-05-15 16:09:13] Processed 47 records
[2025-05-15 16:09:13] Sending response with 47 towns
[2025-05-15 22:53:28] API request started
[2025-05-15 22:53:28] Database connected successfully
[2025-05-15 22:53:28] Processed 47 records
[2025-05-15 22:53:28] Sending response with 47 towns
[2025-05-15 22:53:39] API request started
[2025-05-15 22:53:39] Database connected successfully
[2025-05-15 22:53:39] Processed 47 records
[2025-05-15 22:53:39] Sending response with 47 towns
[2025-05-15 22:53:39] API request started
[2025-05-15 22:53:39] Database connected successfully
[2025-05-15 22:53:39] Processed 47 records
[2025-05-15 22:53:39] Sending response with 47 towns
[2025-05-15 22:53:41] API request started
[2025-05-15 22:53:41] Database connected successfully
[2025-05-15 22:53:41] Processed 47 records
[2025-05-15 22:53:41] Sending response with 47 towns
[2025-05-15 22:53:41] API request started
[2025-05-15 22:53:41] Database connected successfully
[2025-05-15 22:53:41] Processed 47 records
[2025-05-15 22:53:41] Sending response with 47 towns
[2025-05-15 22:54:21] API request started
[2025-05-15 22:54:21] Database connected successfully
[2025-05-15 22:54:21] Processed 47 records
[2025-05-15 22:54:21] Sending response with 47 towns
[2025-05-15 22:54:23] API request started
[2025-05-15 22:54:23] Database connected successfully
[2025-05-15 22:54:23] Processed 47 records
[2025-05-15 22:54:23] Sending response with 47 towns
[2025-05-15 22:54:24] API request started
[2025-05-15 22:54:24] Database connected successfully
[2025-05-15 22:54:24] Processed 47 records
[2025-05-15 22:54:24] Sending response with 47 towns
[2025-05-15 22:54:24] API request started
[2025-05-15 22:54:24] Database connected successfully
[2025-05-15 22:54:24] Processed 47 records
[2025-05-15 22:54:24] Sending response with 47 towns
[2025-05-15 22:54:25] API request started
[2025-05-15 22:54:25] Database connected successfully
[2025-05-15 22:54:25] Processed 47 records
[2025-05-15 22:54:25] Sending response with 47 towns
[2025-05-15 22:54:29] API request started
[2025-05-15 22:54:29] Database connected successfully
[2025-05-15 22:54:29] Processed 47 records
[2025-05-15 22:54:29] Sending response with 47 towns
[2025-05-15 22:58:08] API request started
[2025-05-15 22:58:08] Database connected successfully
[2025-05-15 22:58:08] Processed 47 records
[2025-05-15 22:58:08] Sending response with 47 towns
[2025-05-15 23:13:48] API request started
[2025-05-15 23:13:48] Database connected successfully
[2025-05-15 23:13:48] Processed 47 records
[2025-05-15 23:13:48] Sending response with 47 towns
[2025-05-15 23:15:35] API request started
[2025-05-15 23:15:35] Database connected successfully
[2025-05-15 23:15:35] Processed 47 records
[2025-05-15 23:15:35] Sending response with 47 towns
[2025-05-15 23:19:06] API request started
[2025-05-15 23:19:06] Database connected successfully
[2025-05-15 23:19:06] Processed 47 records
[2025-05-15 23:19:06] Sending response with 47 towns
[2025-05-15 23:24:47] API request started
[2025-05-15 23:24:47] Database connected successfully
[2025-05-15 23:24:47] Processed 47 records
[2025-05-15 23:24:47] Sending response with 47 towns
[2025-05-15 23:25:31] API request started
[2025-05-15 23:25:31] Database connected successfully
[2025-05-15 23:25:31] Processed 47 records
[2025-05-15 23:25:31] Sending response with 47 towns
[2025-05-15 23:25:36] API request started
[2025-05-15 23:25:36] Database connected successfully
[2025-05-15 23:25:36] Processed 47 records
[2025-05-15 23:25:36] Sending response with 47 towns
[2025-05-15 23:28:39] API request started
[2025-05-15 23:28:39] Database connected successfully
[2025-05-15 23:28:39] Processed 47 records
[2025-05-15 23:28:39] Sending response with 47 towns
[2025-05-15 23:28:40] API request started
[2025-05-15 23:28:40] Database connected successfully
[2025-05-15 23:28:40] Processed 47 records
[2025-05-15 23:28:40] Sending response with 47 towns
[2025-05-15 23:44:28] API request started
[2025-05-15 23:44:28] Database connected successfully
[2025-05-15 23:44:28] Processed 47 records
[2025-05-15 23:44:28] Sending response with 47 towns
[2025-05-15 23:50:15] API request started
[2025-05-15 23:50:15] Database connected successfully
[2025-05-15 23:50:15] Processed 47 records
[2025-05-15 23:50:15] Sending response with 47 towns
[2025-05-16 00:04:08] API request started
[2025-05-16 00:04:08] Database connected successfully
[2025-05-16 00:04:08] Processed 47 records
[2025-05-16 00:04:08] Sending response with 47 towns
[2025-05-16 00:04:13] API request started
[2025-05-16 00:04:13] Database connected successfully
[2025-05-16 00:04:13] Processed 47 records
[2025-05-16 00:04:13] Sending response with 47 towns
[2025-05-16 00:09:10] API request started
[2025-05-16 00:09:10] Database connected successfully
[2025-05-16 00:09:10] Processed 47 records
[2025-05-16 00:09:10] Sending response with 47 towns
[2025-05-16 00:09:23] API request started
[2025-05-16 00:09:23] Database connected successfully
[2025-05-16 00:09:23] Processed 47 records
[2025-05-16 00:09:23] Sending response with 47 towns
[2025-05-16 00:09:29] API request started
[2025-05-16 00:09:29] Database connected successfully
[2025-05-16 00:09:29] Processed 47 records
[2025-05-16 00:09:29] Sending response with 47 towns
[2025-05-16 00:26:06] API request started
[2025-05-16 00:26:06] Database connected successfully
[2025-05-16 00:26:06] Processed 47 records
[2025-05-16 00:26:06] Sending response with 47 towns
[2025-05-16 00:26:11] API request started
[2025-05-16 00:26:11] Database connected successfully
[2025-05-16 00:26:11] Processed 47 records
[2025-05-16 00:26:11] Sending response with 47 towns
[2025-05-16 00:26:25] API request started
[2025-05-16 00:26:25] Database connected successfully
[2025-05-16 00:26:25] Processed 47 records
[2025-05-16 00:26:25] Sending response with 47 towns
[2025-05-16 00:26:29] API request started
[2025-05-16 00:26:29] Database connected successfully
[2025-05-16 00:26:29] Processed 47 records
[2025-05-16 00:26:29] Sending response with 47 towns
[2025-05-16 00:37:07] API request started
[2025-05-16 00:37:07] Database connected successfully
[2025-05-16 00:37:07] Processed 47 records
[2025-05-16 00:37:07] Sending response with 47 towns
[2025-05-16 00:37:19] API request started
[2025-05-16 00:37:19] Database connected successfully
[2025-05-16 00:37:19] Processed 47 records
[2025-05-16 00:37:19] Sending response with 47 towns
[2025-05-16 01:05:59] API request started
[2025-05-16 01:05:59] Database connected successfully
[2025-05-16 01:05:59] Processed 47 records
[2025-05-16 01:05:59] Sending response with 47 towns
[2025-05-16 01:06:14] API request started
[2025-05-16 01:06:14] Database connected successfully
[2025-05-16 01:06:14] Processed 47 records
[2025-05-16 01:06:14] Sending response with 47 towns
[2025-05-16 01:15:41] API request started
[2025-05-16 01:15:41] Database connected successfully
[2025-05-16 01:15:41] Processed 47 records
[2025-05-16 01:15:41] Sending response with 47 towns
[2025-05-16 01:16:45] API request started
[2025-05-16 01:16:45] Database connected successfully
[2025-05-16 01:16:45] Processed 47 records
[2025-05-16 01:16:45] Sending response with 47 towns
[2025-05-16 08:39:14] API request started
[2025-05-16 08:39:14] Database connected successfully
[2025-05-16 08:39:14] Processed 47 records
[2025-05-16 08:39:14] Sending response with 47 towns
[2025-05-16 08:42:16] API request started
[2025-05-16 08:42:16] Database connected successfully
[2025-05-16 08:42:16] Processed 47 records
[2025-05-16 08:42:16] Sending response with 47 towns
[2025-05-16 08:45:10] API request started
[2025-05-16 08:45:10] Database connected successfully
[2025-05-16 08:45:10] Processed 47 records
[2025-05-16 08:45:10] Sending response with 47 towns
[2025-05-16 08:45:12] API request started
[2025-05-16 08:45:12] Database connected successfully
[2025-05-16 08:45:12] Processed 47 records
[2025-05-16 08:45:12] Sending response with 47 towns
[2025-05-16 08:52:30] API request started
[2025-05-16 08:52:30] Database connected successfully
[2025-05-16 08:52:30] Processed 47 records
[2025-05-16 08:52:30] Sending response with 47 towns
[2025-05-16 08:57:47] API request started
[2025-05-16 08:57:47] Database connected successfully
[2025-05-16 08:57:47] Processed 47 records
[2025-05-16 08:57:47] Sending response with 47 towns
[2025-05-16 09:01:35] API request started
[2025-05-16 09:01:35] Database connected successfully
[2025-05-16 09:01:35] Processed 47 records
[2025-05-16 09:01:35] Sending response with 47 towns
[2025-05-16 13:27:47] API request started
[2025-05-16 13:27:47] Database connected successfully
[2025-05-16 13:27:47] Processed 47 records
[2025-05-16 13:27:47] Sending response with 47 towns
[2025-05-16 13:28:21] API request started
[2025-05-16 13:28:21] Database connected successfully
[2025-05-16 13:28:21] Processed 47 records
[2025-05-16 13:28:21] Sending response with 47 towns
[2025-05-16 13:28:35] API request started
[2025-05-16 13:28:35] Database connected successfully
[2025-05-16 13:28:35] Processed 47 records
[2025-05-16 13:28:35] Sending response with 47 towns
[2025-05-16 13:28:39] API request started
[2025-05-16 13:28:39] Database connected successfully
[2025-05-16 13:28:39] Processed 47 records
[2025-05-16 13:28:39] Sending response with 47 towns
[2025-05-16 13:28:39] API request started
[2025-05-16 13:28:39] Database connected successfully
[2025-05-16 13:28:39] Processed 47 records
[2025-05-16 13:28:39] Sending response with 47 towns
[2025-05-16 13:28:41] API request started
[2025-05-16 13:28:41] Database connected successfully
[2025-05-16 13:28:41] Processed 47 records
[2025-05-16 13:28:41] Sending response with 47 towns
[2025-05-16 13:28:41] API request started
[2025-05-16 13:28:41] Database connected successfully
[2025-05-16 13:28:41] Processed 47 records
[2025-05-16 13:28:41] Sending response with 47 towns
[2025-05-16 13:30:18] API request started
[2025-05-16 13:30:18] Database connected successfully
[2025-05-16 13:30:18] Processed 47 records
[2025-05-16 13:30:18] Sending response with 47 towns
[2025-05-16 13:30:18] API request started
[2025-05-16 13:30:18] Database connected successfully
[2025-05-16 13:30:18] Processed 47 records
[2025-05-16 13:30:18] Sending response with 47 towns
[2025-05-16 15:15:24] API request started
[2025-05-16 15:15:24] Database connected successfully
[2025-05-16 15:15:24] Processed 47 records
[2025-05-16 15:15:24] Sending response with 47 towns
[2025-05-16 15:16:14] API request started
[2025-05-16 15:16:14] Database connected successfully
[2025-05-16 15:16:14] Processed 47 records
[2025-05-16 15:16:14] Sending response with 47 towns
[2025-05-16 15:47:05] API request started
[2025-05-16 15:47:05] Database connected successfully
[2025-05-16 15:47:05] Processed 47 records
[2025-05-16 15:47:05] Sending response with 47 towns
[2025-05-16 15:47:05] API request started
[2025-05-16 15:47:05] Database connected successfully
[2025-05-16 15:47:05] Processed 47 records
[2025-05-16 15:47:05] Sending response with 47 towns
[2025-05-17 01:36:44] API request started
[2025-05-17 01:36:44] Database connected successfully
[2025-05-17 01:36:44] Processed 47 records
[2025-05-17 01:36:44] Sending response with 47 towns
[2025-05-17 01:39:23] API request started
[2025-05-17 01:39:23] Database connected successfully
[2025-05-17 01:39:23] Processed 47 records
[2025-05-17 01:39:23] Sending response with 47 towns
[2025-05-17 01:39:24] API request started
[2025-05-17 01:39:24] Database connected successfully
[2025-05-17 01:39:24] Processed 47 records
[2025-05-17 01:39:24] Sending response with 47 towns
[2025-05-17 01:39:28] API request started
[2025-05-17 01:39:28] Database connected successfully
[2025-05-17 01:39:28] Processed 47 records
[2025-05-17 01:39:28] Sending response with 47 towns
[2025-05-17 01:59:10] API request started
[2025-05-17 01:59:10] Database connected successfully
[2025-05-17 01:59:10] Processed 47 records
[2025-05-17 01:59:10] Sending response with 47 towns
[2025-05-17 05:06:03] API request started
[2025-05-17 05:06:03] Database connected successfully
[2025-05-17 05:06:03] Processed 47 records
[2025-05-17 05:06:03] Sending response with 47 towns
[2025-05-17 05:06:03] API request started
[2025-05-17 05:06:03] Database connected successfully
[2025-05-17 05:06:03] Processed 47 records
[2025-05-17 05:06:03] Sending response with 47 towns
[2025-05-17 06:00:23] API request started
[2025-05-17 06:00:23] Database connected successfully
[2025-05-17 06:00:23] Processed 47 records
[2025-05-17 06:00:23] Sending response with 47 towns
[2025-05-17 06:45:22] API request started
[2025-05-17 06:45:22] Database connected successfully
[2025-05-17 06:45:22] Processed 47 records
[2025-05-17 06:45:22] Sending response with 47 towns
[2025-05-17 06:48:14] API request started
[2025-05-17 06:48:14] Database connected successfully
[2025-05-17 06:48:14] Processed 47 records
[2025-05-17 06:48:14] Sending response with 47 towns
[2025-05-17 06:49:24] API request started
[2025-05-17 06:49:24] Database connected successfully
[2025-05-17 06:49:24] Processed 47 records
[2025-05-17 06:49:24] Sending response with 47 towns
[2025-05-17 06:52:12] API request started
[2025-05-17 06:52:12] Database connected successfully
[2025-05-17 06:52:12] Processed 47 records
[2025-05-17 06:52:12] Sending response with 47 towns
[2025-05-17 06:56:40] API request started
[2025-05-17 06:56:40] Database connected successfully
[2025-05-17 06:56:40] Processed 47 records
[2025-05-17 06:56:40] Sending response with 47 towns
[2025-05-17 06:59:40] API request started
[2025-05-17 06:59:40] Database connected successfully
[2025-05-17 06:59:40] Processed 47 records
[2025-05-17 06:59:40] Sending response with 47 towns
[2025-05-17 08:06:22] API request started
[2025-05-17 08:06:22] Database connected successfully
[2025-05-17 08:06:22] Processed 47 records
[2025-05-17 08:06:22] Sending response with 47 towns
[2025-05-17 08:08:37] API request started
[2025-05-17 08:08:37] Database connected successfully
[2025-05-17 08:08:37] Processed 47 records
[2025-05-17 08:08:37] Sending response with 47 towns
[2025-05-17 08:08:57] API request started
[2025-05-17 08:08:57] Database connected successfully
[2025-05-17 08:08:57] Processed 47 records
[2025-05-17 08:08:57] Sending response with 47 towns
[2025-05-17 08:14:10] API request started
[2025-05-17 08:14:10] Database connected successfully
[2025-05-17 08:14:10] Processed 47 records
[2025-05-17 08:14:10] Sending response with 47 towns
[2025-05-17 08:14:11] API request started
[2025-05-17 08:14:11] Database connected successfully
[2025-05-17 08:14:11] Processed 47 records
[2025-05-17 08:14:11] Sending response with 47 towns
[2025-05-17 08:15:04] API request started
[2025-05-17 08:15:04] Database connected successfully
[2025-05-17 08:15:04] Processed 47 records
[2025-05-17 08:15:04] Sending response with 47 towns
[2025-05-17 08:15:04] API request started
[2025-05-17 08:15:04] Database connected successfully
[2025-05-17 08:15:04] Processed 47 records
[2025-05-17 08:15:04] Sending response with 47 towns
[2025-05-17 08:31:29] API request started
[2025-05-17 08:31:29] API request started
[2025-05-17 08:31:29] Database connected successfully
[2025-05-17 08:31:29] Processed 47 records
[2025-05-17 08:31:29] Sending response with 47 towns
[2025-05-17 08:31:29] Database connected successfully
[2025-05-17 08:31:29] Processed 47 records
[2025-05-17 08:31:29] Sending response with 47 towns
[2025-05-17 08:31:31] API request started
[2025-05-17 08:31:31] Database connected successfully
[2025-05-17 08:31:31] Processed 47 records
[2025-05-17 08:31:31] Sending response with 47 towns
[2025-05-17 08:40:39] API request started
[2025-05-17 08:40:39] Database connected successfully
[2025-05-17 08:40:39] Processed 47 records
[2025-05-17 08:40:39] Sending response with 47 towns
[2025-05-17 08:40:44] API request started
[2025-05-17 08:40:44] Database connected successfully
[2025-05-17 08:40:44] Processed 47 records
[2025-05-17 08:40:44] Sending response with 47 towns
[2025-05-17 08:40:44] API request started
[2025-05-17 08:40:44] Database connected successfully
[2025-05-17 08:40:44] Processed 47 records
[2025-05-17 08:40:44] Sending response with 47 towns
[2025-05-17 08:40:47] API request started
[2025-05-17 08:40:47] Database connected successfully
[2025-05-17 08:40:47] Processed 47 records
[2025-05-17 08:40:47] Sending response with 47 towns
[2025-05-17 08:40:47] API request started
[2025-05-17 08:40:47] Database connected successfully
[2025-05-17 08:40:47] Processed 47 records
[2025-05-17 08:40:47] Sending response with 47 towns
[2025-05-17 08:40:50] API request started
[2025-05-17 08:40:50] Database connected successfully
[2025-05-17 08:40:50] Processed 47 records
[2025-05-17 08:40:50] Sending response with 47 towns
[2025-05-17 08:40:50] API request started
[2025-05-17 08:40:50] Database connected successfully
[2025-05-17 08:40:50] Processed 47 records
[2025-05-17 08:40:50] Sending response with 47 towns
[2025-05-17 08:44:31] API request started
[2025-05-17 08:44:31] Database connected successfully
[2025-05-17 08:44:31] Processed 47 records
[2025-05-17 08:44:31] Sending response with 47 towns
[2025-05-17 08:44:31] API request started
[2025-05-17 08:44:31] Database connected successfully
[2025-05-17 08:44:31] Processed 47 records
[2025-05-17 08:44:31] Sending response with 47 towns
[2025-05-17 08:44:34] API request started
[2025-05-17 08:44:34] Database connected successfully
[2025-05-17 08:44:34] Processed 47 records
[2025-05-17 08:44:34] Sending response with 47 towns
[2025-05-17 08:44:34] API request started
[2025-05-17 08:44:34] Database connected successfully
[2025-05-17 08:44:34] Processed 47 records
[2025-05-17 08:44:34] Sending response with 47 towns
[2025-05-17 08:44:42] API request started
[2025-05-17 08:44:42] Database connected successfully
[2025-05-17 08:44:42] Processed 47 records
[2025-05-17 08:44:42] Sending response with 47 towns
[2025-05-17 08:44:50] API request started
[2025-05-17 08:44:50] Database connected successfully
[2025-05-17 08:44:50] Processed 47 records
[2025-05-17 08:44:50] Sending response with 47 towns
[2025-05-17 08:44:50] API request started
[2025-05-17 08:44:50] Database connected successfully
[2025-05-17 08:44:50] Processed 47 records
[2025-05-17 08:44:50] Sending response with 47 towns
[2025-05-17 08:44:55] API request started
[2025-05-17 08:44:55] Database connected successfully
[2025-05-17 08:44:55] Processed 47 records
[2025-05-17 08:44:55] Sending response with 47 towns
[2025-05-17 08:50:18] API request started
[2025-05-17 08:50:18] Database connected successfully
[2025-05-17 08:50:18] Processed 47 records
[2025-05-17 08:50:18] Sending response with 47 towns
[2025-05-17 08:50:18] API request started
[2025-05-17 08:50:18] Database connected successfully
[2025-05-17 08:50:18] Processed 47 records
[2025-05-17 08:50:18] Sending response with 47 towns
[2025-05-17 08:50:19] API request started
[2025-05-17 08:50:19] Database connected successfully
[2025-05-17 08:50:19] Processed 47 records
[2025-05-17 08:50:19] Sending response with 47 towns
[2025-05-17 08:52:12] API request started
[2025-05-17 08:52:12] Database connected successfully
[2025-05-17 08:52:12] Processed 47 records
[2025-05-17 08:52:12] Sending response with 47 towns
[2025-05-17 08:52:22] API request started
[2025-05-17 08:52:22] Database connected successfully
[2025-05-17 08:52:22] Processed 47 records
[2025-05-17 08:52:22] Sending response with 47 towns
[2025-05-17 08:52:25] API request started
[2025-05-17 08:52:25] Database connected successfully
[2025-05-17 08:52:25] Processed 47 records
[2025-05-17 08:52:25] Sending response with 47 towns
[2025-05-17 08:52:27] API request started
[2025-05-17 08:52:27] Database connected successfully
[2025-05-17 08:52:27] Processed 47 records
[2025-05-17 08:52:27] Sending response with 47 towns
[2025-05-17 08:52:27] API request started
[2025-05-17 08:52:27] Database connected successfully
[2025-05-17 08:52:27] Processed 47 records
[2025-05-17 08:52:27] Sending response with 47 towns
[2025-05-17 08:52:37] API request started
[2025-05-17 08:52:37] Database connected successfully
[2025-05-17 08:52:37] Processed 47 records
[2025-05-17 08:52:37] Sending response with 47 towns
[2025-05-17 08:52:37] API request started
[2025-05-17 08:52:37] Database connected successfully
[2025-05-17 08:52:37] Processed 47 records
[2025-05-17 08:52:37] Sending response with 47 towns
[2025-05-17 08:58:46] API request started
[2025-05-17 08:58:46] Database connected successfully
[2025-05-17 08:58:46] Processed 47 records
[2025-05-17 08:58:46] Sending response with 47 towns
[2025-05-17 08:58:46] API request started
[2025-05-17 08:58:46] Database connected successfully
[2025-05-17 08:58:46] Processed 47 records
[2025-05-17 08:58:46] Sending response with 47 towns
[2025-05-17 09:02:57] API request started
[2025-05-17 09:02:57] Database connected successfully
[2025-05-17 09:02:57] Processed 47 records
[2025-05-17 09:02:57] Sending response with 47 towns
[2025-05-17 09:06:40] API request started
[2025-05-17 09:06:40] Database connected successfully
[2025-05-17 09:06:40] Processed 47 records
[2025-05-17 09:06:40] Sending response with 47 towns
[2025-05-17 09:06:43] API request started
[2025-05-17 09:06:43] Database connected successfully
[2025-05-17 09:06:43] Processed 47 records
[2025-05-17 09:06:43] Sending response with 47 towns
[2025-05-17 09:07:21] API request started
[2025-05-17 09:07:21] Database connected successfully
[2025-05-17 09:07:21] Processed 47 records
[2025-05-17 09:07:21] Sending response with 47 towns
[2025-05-17 09:08:25] API request started
[2025-05-17 09:08:25] Database connected successfully
[2025-05-17 09:08:25] Processed 47 records
[2025-05-17 09:08:25] Sending response with 47 towns
[2025-05-17 09:08:28] API request started
[2025-05-17 09:08:28] Database connected successfully
[2025-05-17 09:08:28] Processed 47 records
[2025-05-17 09:08:28] Sending response with 47 towns
[2025-05-17 09:12:03] API request started
[2025-05-17 09:12:03] Database connected successfully
[2025-05-17 09:12:03] Processed 47 records
[2025-05-17 09:12:03] Sending response with 47 towns
[2025-05-17 09:12:05] API request started
[2025-05-17 09:12:05] Database connected successfully
[2025-05-17 09:12:05] Processed 47 records
[2025-05-17 09:12:05] Sending response with 47 towns
[2025-05-17 09:14:42] API request started
[2025-05-17 09:14:42] Database connected successfully
[2025-05-17 09:14:42] Processed 47 records
[2025-05-17 09:14:42] Sending response with 47 towns
[2025-05-17 09:16:49] API request started
[2025-05-17 09:16:49] Database connected successfully
[2025-05-17 09:16:49] Processed 47 records
[2025-05-17 09:16:49] Sending response with 47 towns
[2025-05-17 09:21:55] API request started
[2025-05-17 09:21:55] Database connected successfully
[2025-05-17 09:21:55] Processed 47 records
[2025-05-17 09:21:55] Sending response with 47 towns
[2025-05-17 09:27:37] API request started
[2025-05-17 09:27:37] Database connected successfully
[2025-05-17 09:27:37] Processed 47 records
[2025-05-17 09:27:37] Sending response with 47 towns
[2025-05-17 09:36:59] API request started
[2025-05-17 09:36:59] Database connected successfully
[2025-05-17 09:36:59] Processed 47 records
[2025-05-17 09:36:59] Sending response with 47 towns
[2025-05-17 09:37:21] API request started
[2025-05-17 09:37:21] Database connected successfully
[2025-05-17 09:37:21] Processed 47 records
[2025-05-17 09:37:21] Sending response with 47 towns
[2025-05-17 09:44:54] API request started
[2025-05-17 09:44:54] Database connected successfully
[2025-05-17 09:44:54] Processed 47 records
[2025-05-17 09:44:54] Sending response with 47 towns
[2025-05-17 09:45:33] API request started
[2025-05-17 09:45:33] Database connected successfully
[2025-05-17 09:45:33] Processed 47 records
[2025-05-17 09:45:33] Sending response with 47 towns
[2025-05-17 09:46:10] API request started
[2025-05-17 09:46:10] Database connected successfully
[2025-05-17 09:46:10] Processed 47 records
[2025-05-17 09:46:10] Sending response with 47 towns
[2025-05-17 09:46:15] API request started
[2025-05-17 09:46:15] Database connected successfully
[2025-05-17 09:46:15] Processed 47 records
[2025-05-17 09:46:15] Sending response with 47 towns
[2025-05-17 09:49:59] API request started
[2025-05-17 09:49:59] Database connected successfully
[2025-05-17 09:49:59] Processed 47 records
[2025-05-17 09:49:59] Sending response with 47 towns
[2025-05-17 09:50:11] API request started
[2025-05-17 09:50:11] Database connected successfully
[2025-05-17 09:50:11] Processed 47 records
[2025-05-17 09:50:11] Sending response with 47 towns
[2025-05-17 09:51:34] API request started
[2025-05-17 09:51:34] Database connected successfully
[2025-05-17 09:51:34] Processed 47 records
[2025-05-17 09:51:34] Sending response with 47 towns
[2025-05-17 09:53:52] API request started
[2025-05-17 09:53:52] Database connected successfully
[2025-05-17 09:53:52] Processed 47 records
[2025-05-17 09:53:52] Sending response with 47 towns
[2025-05-17 09:57:45] API request started
[2025-05-17 09:57:45] Database connected successfully
[2025-05-17 09:57:45] Processed 47 records
[2025-05-17 09:57:45] Sending response with 47 towns
[2025-05-17 09:57:47] API request started
[2025-05-17 09:57:47] Database connected successfully
[2025-05-17 09:57:47] Processed 47 records
[2025-05-17 09:57:47] Sending response with 47 towns
[2025-05-17 09:59:11] API request started
[2025-05-17 09:59:11] Database connected successfully
[2025-05-17 09:59:11] Processed 47 records
[2025-05-17 09:59:11] Sending response with 47 towns
[2025-05-17 10:03:09] API request started
[2025-05-17 10:03:09] Database connected successfully
[2025-05-17 10:03:09] Processed 47 records
[2025-05-17 10:03:09] Sending response with 47 towns
[2025-05-17 10:03:10] API request started
[2025-05-17 10:03:10] Database connected successfully
[2025-05-17 10:03:10] Processed 47 records
[2025-05-17 10:03:10] Sending response with 47 towns
[2025-05-17 10:06:53] API request started
[2025-05-17 10:06:53] Database connected successfully
[2025-05-17 10:06:53] Processed 47 records
[2025-05-17 10:06:53] Sending response with 47 towns
[2025-05-17 10:07:06] API request started
[2025-05-17 10:07:06] Database connected successfully
[2025-05-17 10:07:06] Processed 47 records
[2025-05-17 10:07:06] Sending response with 47 towns
[2025-05-17 10:07:13] API request started
[2025-05-17 10:07:13] Database connected successfully
[2025-05-17 10:07:13] Processed 47 records
[2025-05-17 10:07:13] Sending response with 47 towns
[2025-05-17 10:07:13] API request started
[2025-05-17 10:07:13] Database connected successfully
[2025-05-17 10:07:13] Processed 47 records
[2025-05-17 10:07:13] Sending response with 47 towns
[2025-05-17 10:07:22] API request started
[2025-05-17 10:07:22] Database connected successfully
[2025-05-17 10:07:22] Processed 47 records
[2025-05-17 10:07:22] Sending response with 47 towns
[2025-05-17 10:09:08] API request started
[2025-05-17 10:09:08] Database connected successfully
[2025-05-17 10:09:08] Processed 47 records
[2025-05-17 10:09:08] Sending response with 47 towns
[2025-05-17 10:11:35] API request started
[2025-05-17 10:11:35] Database connected successfully
[2025-05-17 10:11:35] Processed 47 records
[2025-05-17 10:11:35] Sending response with 47 towns
[2025-05-17 10:11:36] API request started
[2025-05-17 10:11:36] Database connected successfully
[2025-05-17 10:11:36] Processed 47 records
[2025-05-17 10:11:36] Sending response with 47 towns
[2025-05-17 10:11:49] API request started
[2025-05-17 10:11:49] Database connected successfully
[2025-05-17 10:11:49] Processed 47 records
[2025-05-17 10:11:49] Sending response with 47 towns
[2025-05-17 10:11:50] API request started
[2025-05-17 10:11:50] Database connected successfully
[2025-05-17 10:11:50] Processed 47 records
[2025-05-17 10:11:50] Sending response with 47 towns
[2025-05-17 10:15:56] API request started
[2025-05-17 10:15:56] Database connected successfully
[2025-05-17 10:15:56] Processed 47 records
[2025-05-17 10:15:56] Sending response with 47 towns
[2025-05-17 10:22:28] API request started
[2025-05-17 10:22:28] Database connected successfully
[2025-05-17 10:22:28] Processed 47 records
[2025-05-17 10:22:28] Sending response with 47 towns
[2025-05-17 10:28:44] API request started
[2025-05-17 10:28:44] Database connected successfully
[2025-05-17 10:28:44] Processed 47 records
[2025-05-17 10:28:44] Sending response with 47 towns
[2025-05-17 10:28:45] API request started
[2025-05-17 10:28:45] Database connected successfully
[2025-05-17 10:28:45] Processed 47 records
[2025-05-17 10:28:45] Sending response with 47 towns
[2025-05-17 10:28:45] API request started
[2025-05-17 10:28:45] Database connected successfully
[2025-05-17 10:28:45] Processed 47 records
[2025-05-17 10:28:45] Sending response with 47 towns
[2025-05-17 10:28:46] API request started
[2025-05-17 10:28:46] Database connected successfully
[2025-05-17 10:28:46] Processed 47 records
[2025-05-17 10:28:46] Sending response with 47 towns
[2025-05-17 10:28:58] API request started
[2025-05-17 10:28:58] Database connected successfully
[2025-05-17 10:28:58] Processed 47 records
[2025-05-17 10:28:58] Sending response with 47 towns
[2025-05-17 10:29:48] API request started
[2025-05-17 10:29:49] Database connected successfully
[2025-05-17 10:29:49] Processed 47 records
[2025-05-17 10:29:49] Sending response with 47 towns
[2025-05-17 10:35:10] API request started
[2025-05-17 10:35:10] Database connected successfully
[2025-05-17 10:35:10] Processed 47 records
[2025-05-17 10:35:10] Sending response with 47 towns
[2025-05-17 10:35:12] API request started
[2025-05-17 10:35:12] Database connected successfully
[2025-05-17 10:35:12] Processed 47 records
[2025-05-17 10:35:12] Sending response with 47 towns
[2025-05-17 10:35:13] API request started
[2025-05-17 10:35:13] Database connected successfully
[2025-05-17 10:35:13] Processed 47 records
[2025-05-17 10:35:13] Sending response with 47 towns
[2025-05-17 10:35:56] API request started
[2025-05-17 10:35:56] Database connected successfully
[2025-05-17 10:35:56] Processed 47 records
[2025-05-17 10:35:56] Sending response with 47 towns
[2025-05-17 10:36:28] API request started
[2025-05-17 10:36:28] Database connected successfully
[2025-05-17 10:36:28] Processed 47 records
[2025-05-17 10:36:28] Sending response with 47 towns
[2025-05-17 10:39:49] API request started
[2025-05-17 10:39:49] Database connected successfully
[2025-05-17 10:39:49] Processed 47 records
[2025-05-17 10:39:49] Sending response with 47 towns
[2025-05-17 10:40:10] API request started
[2025-05-17 10:40:10] Database connected successfully
[2025-05-17 10:40:10] Processed 47 records
[2025-05-17 10:40:10] Sending response with 47 towns
[2025-05-17 10:41:29] API request started
[2025-05-17 10:41:29] Database connected successfully
[2025-05-17 10:41:29] Processed 47 records
[2025-05-17 10:41:29] Sending response with 47 towns
[2025-05-17 10:48:14] API request started
[2025-05-17 10:48:14] Database connected successfully
[2025-05-17 10:48:14] Processed 47 records
[2025-05-17 10:48:14] Sending response with 47 towns
[2025-05-17 10:50:22] API request started
[2025-05-17 10:50:22] Database connected successfully
[2025-05-17 10:50:22] Processed 47 records
[2025-05-17 10:50:22] Sending response with 47 towns
[2025-05-17 10:53:50] API request started
[2025-05-17 10:53:50] Database connected successfully
[2025-05-17 10:53:50] Processed 47 records
[2025-05-17 10:53:50] Sending response with 47 towns
[2025-05-17 10:54:18] API request started
[2025-05-17 10:54:18] Database connected successfully
[2025-05-17 10:54:18] Processed 47 records
[2025-05-17 10:54:18] Sending response with 47 towns
[2025-05-17 10:54:29] API request started
[2025-05-17 10:54:29] Database connected successfully
[2025-05-17 10:54:29] Processed 47 records
[2025-05-17 10:54:29] Sending response with 47 towns
[2025-05-17 10:54:40] API request started
[2025-05-17 10:54:40] Database connected successfully
[2025-05-17 10:54:40] Processed 47 records
[2025-05-17 10:54:40] Sending response with 47 towns
[2025-05-17 10:54:49] API request started
[2025-05-17 10:54:49] Database connected successfully
[2025-05-17 10:54:49] Processed 47 records
[2025-05-17 10:54:49] Sending response with 47 towns
[2025-05-17 10:56:48] API request started
[2025-05-17 10:56:48] Database connected successfully
[2025-05-17 10:56:48] Processed 47 records
[2025-05-17 10:56:48] Sending response with 47 towns
[2025-05-17 10:57:01] API request started
[2025-05-17 10:57:01] Database connected successfully
[2025-05-17 10:57:01] Processed 47 records
[2025-05-17 10:57:01] Sending response with 47 towns
[2025-05-17 10:59:02] API request started
[2025-05-17 10:59:02] Database connected successfully
[2025-05-17 10:59:02] Processed 47 records
[2025-05-17 10:59:02] Sending response with 47 towns
[2025-05-17 10:59:04] API request started
[2025-05-17 10:59:04] Database connected successfully
[2025-05-17 10:59:04] Processed 47 records
[2025-05-17 10:59:04] Sending response with 47 towns
[2025-05-17 11:01:52] API request started
[2025-05-17 11:01:52] Database connected successfully
[2025-05-17 11:01:52] Processed 47 records
[2025-05-17 11:01:52] Sending response with 47 towns
[2025-05-17 11:03:54] API request started
[2025-05-17 11:03:54] Database connected successfully
[2025-05-17 11:03:54] Processed 47 records
[2025-05-17 11:03:54] Sending response with 47 towns
[2025-05-17 11:08:23] API request started
[2025-05-17 11:08:23] Database connected successfully
[2025-05-17 11:08:23] Processed 47 records
[2025-05-17 11:08:23] Sending response with 47 towns
[2025-05-17 11:08:46] API request started
[2025-05-17 11:08:46] Database connected successfully
[2025-05-17 11:08:46] Processed 47 records
[2025-05-17 11:08:46] Sending response with 47 towns
[2025-05-17 11:14:41] API request started
[2025-05-17 11:14:41] Database connected successfully
[2025-05-17 11:14:41] Processed 47 records
[2025-05-17 11:14:41] Sending response with 47 towns
[2025-05-17 11:17:14] API request started
[2025-05-17 11:17:15] Database connected successfully
[2025-05-17 11:17:15] Processed 47 records
[2025-05-17 11:17:15] Sending response with 47 towns
[2025-05-17 11:21:02] API request started
[2025-05-17 11:21:02] Database connected successfully
[2025-05-17 11:21:02] Processed 47 records
[2025-05-17 11:21:02] Sending response with 47 towns
[2025-05-17 11:25:47] API request started
[2025-05-17 11:25:47] Database connected successfully
[2025-05-17 11:25:47] Processed 47 records
[2025-05-17 11:25:47] Sending response with 47 towns
